Using pre-set license
Built from '2020.3/staging' branch; Version is '2020.3.8f1 (507919d4fff5) revision 5273881'; Using compiler version '192528614'; Build Type 'Release'
OS: 'Windows 10 Home Single Language; OS build 18363.1500; Version 1909; 64bit' Language: 'ru' Physical Memory: 6056 MB
BatchMode: 1, IsHumanControllingUs: 0, StartBugReporterOnCrash: 0, Is64bit: 1, IsPro: 0

 COMMAND LINE ARGUMENTS:
C:\Program Files\Unity\Hub\Editor\2020.3.8f1\Editor\Unity.exe
-adb2
-batchMode
-noUpm
-name
AssetImportWorker7
-projectPath
C:/Users/Руслан/Documents/Unity/GD-main/Gaps3D
-logFile
Logs/AssetImportWorker7.log
-srvPort
50654
Successfully changed project path to: C:/Users/Руслан/Documents/Unity/GD-main/Gaps3D
C:/Users/Руслан/Documents/Unity/GD-main/Gaps3D
Using Asset Import Pipeline V2.
Refreshing native plugins compatible for Editor in 57.78 ms, found 0 plugins.
Preloading 0 native plugins for Editor in 0.00 ms.
Initialize engine version: 2020.3.8f1 (507919d4fff5)
[Subsystems] Discovering subsystems at path C:/Program Files/Unity/Hub/Editor/2020.3.8f1/Editor/Data/Resources/UnitySubsystems
[Subsystems] Discovering subsystems at path C:/Users/Руслан/Documents/Unity/GD-main/Gaps3D/Assets
GfxDevice: creating device client; threaded=0
Direct3D:
    Version:  Direct3D 11.0 [level 11.1]
    Renderer: Intel(R) HD Graphics 5500 (ID=0x1616)
    Vendor:   
    VRAM:     3028 MB
    Driver:   20.19.15.5063
Initialize mono
Mono path[0] = 'C:/Program Files/Unity/Hub/Editor/2020.3.8f1/Editor/Data/Managed'
Mono path[1] = 'C:/Program Files/Unity/Hub/Editor/2020.3.8f1/Editor/Data/MonoBleedingEdge/lib/mono/unityjit'
Mono config path = 'C:/Program Files/Unity/Hub/Editor/2020.3.8f1/Editor/Data/MonoBleedingEdge/etc'
Using monoOptions --debugger-agent=transport=dt_socket,embedding=1,server=y,suspend=n,address=127.0.0.1:56632
Begin MonoManager ReloadAssembly
Registering precompiled unity dll's ...
Register platform support module: C:/Program Files/Unity/Hub/Editor/2020.3.8f1/Editor/Data/PlaybackEngines/WebGLSupport/UnityEditor.WebGL.Extensions.dll
Register platform support module: C:/Program Files/Unity/Hub/Editor/2020.3.8f1/Editor/Data/PlaybackEngines/WindowsStandaloneSupport/UnityEditor.WindowsStandalone.Extensions.dll
Registered in 0.004763 seconds.
Native extension for WindowsStandalone target not found
Native extension for WebGL target not found
Refreshing native plugins compatible for Editor in 48.67 ms, found 0 plugins.
Preloading 0 native plugins for Editor in 0.00 ms.
Mono: successfully reloaded assembly
- Completed reload, in  4.694 seconds
Platform modules already initialized, skipping
Registering precompiled user dll's ...
Registered in 0.001441 seconds.
Begin MonoManager ReloadAssembly
Native extension for WindowsStandalone target not found
Native extension for WebGL target not found
Refreshing native plugins compatible for Editor in 0.67 ms, found 0 plugins.
Preloading 0 native plugins for Editor in 0.00 ms.
Mono: successfully reloaded assembly
- Completed reload, in  2.874 seconds
Platform modules already initialized, skipping
========================================================================
Worker process is ready to serve import requests
Launched and connected shader compiler UnityShaderCompiler.exe after 0.30 seconds
Refreshing native plugins compatible for Editor in 1.00 ms, found 0 plugins.
Preloading 0 native plugins for Editor in 0.00 ms.
Unloading 1220 Unused Serialized files (Serialized files now loaded: 0)
System memory in use before: 59.9 MB.
System memory in use after: 60.0 MB.

Unloading 22 unused Assets to reduce memory usage. Loaded Objects now: 1650.
Total: 63.911000 ms (FindLiveObjects: 0.182200 ms CreateObjectMapping: 0.057900 ms MarkObjects: 63.549000 ms  DeleteObjects: 0.119400 ms)

========================================================================
Received Import Request.
  path: Assets/Scripts/SwipeTest.cs
  artifactKey: Guid(d60173e222ca8c44b9a602ee9cccd1bc) Importer(815301076,1909f56bfc062723c751e8b465ee728b)
Start importing Assets/Scripts/SwipeTest.cs using Guid(d60173e222ca8c44b9a602ee9cccd1bc) Importer(815301076,1909f56bfc062723c751e8b465ee728b)  -> (artifact id: '19149b01e9bb5b25b6efa0a09a156270') in 0.613342 seconds
  Import took 0.688723 seconds .

========================================================================
Received Prepare
Registering precompiled user dll's ...
Registered in 0.001306 seconds.
Begin MonoManager ReloadAssembly
Native extension for WindowsStandalone target not found
Native extension for WebGL target not found
Refreshing native plugins compatible for Editor in 0.57 ms, found 0 plugins.
Preloading 0 native plugins for Editor in 0.00 ms.
Mono: successfully reloaded assembly
- Completed reload, in  1.893 seconds
Platform modules already initialized, skipping
Refreshing native plugins compatible for Editor in 1.41 ms, found 0 plugins.
Preloading 0 native plugins for Editor in 0.00 ms.
Unloading 1214 Unused Serialized files (Serialized files now loaded: 0)
System memory in use before: 59.8 MB.
System memory in use after: 59.9 MB.

Unloading 17 unused Assets to reduce memory usage. Loaded Objects now: 1653.
Total: 2.758000 ms (FindLiveObjects: 0.222900 ms CreateObjectMapping: 0.092600 ms MarkObjects: 2.398400 ms  DeleteObjects: 0.041800 ms)

========================================================================
Received Import Request.
  Time since last request: 121.125901 seconds.
  path: Assets/Scripts
  artifactKey: Guid(eb861f3c0e1e28b4f91c47a8602cb3c3) Importer(815301076,1909f56bfc062723c751e8b465ee728b)
Start importing Assets/Scripts using Guid(eb861f3c0e1e28b4f91c47a8602cb3c3) Importer(815301076,1909f56bfc062723c751e8b465ee728b)  -> (artifact id: '7dc5a959b5785bf7e9ffc75572ba8e4c') in 0.045095 seconds
  Import took 0.079267 seconds .

========================================================================
Received Import Request.
  Time since last request: 0.502355 seconds.
  path: Assets/Scripts
  artifactKey: Guid(eb861f3c0e1e28b4f91c47a8602cb3c3) Importer(815301076,1909f56bfc062723c751e8b465ee728b)
Start importing Assets/Scripts using Guid(eb861f3c0e1e28b4f91c47a8602cb3c3) Importer(815301076,1909f56bfc062723c751e8b465ee728b)  -> (artifact id: '7dc5a959b5785bf7e9ffc75572ba8e4c') in 0.011273 seconds
  Import took 0.016188 seconds .

========================================================================
Received Import Request.
  Time since last request: 258.765951 seconds.
  path: Assets/Scripts/Swipe.cs
  artifactKey: Guid(c693af4ed67dc294b85c29141df677bb) Importer(815301076,1909f56bfc062723c751e8b465ee728b)
Start importing Assets/Scripts/Swipe.cs using Guid(c693af4ed67dc294b85c29141df677bb) Importer(815301076,1909f56bfc062723c751e8b465ee728b)  -> (artifact id: '5c40ca763b0e7e881b7aaaf49379e55f') in 0.018176 seconds
  Import took 0.085460 seconds .

========================================================================
Received Import Request.
  Time since last request: 0.008146 seconds.
  path: Assets/Scripts/Swipe.cs
  artifactKey: Guid(c693af4ed67dc294b85c29141df677bb) Importer(815301076,1909f56bfc062723c751e8b465ee728b)
Start importing Assets/Scripts/Swipe.cs using Guid(c693af4ed67dc294b85c29141df677bb) Importer(815301076,1909f56bfc062723c751e8b465ee728b)  -> (artifact id: '5c40ca763b0e7e881b7aaaf49379e55f') in 0.018557 seconds
  Import took 0.025138 seconds .

========================================================================
Received Prepare
Registering precompiled user dll's ...
Registered in 0.001429 seconds.
Begin MonoManager ReloadAssembly
Native extension for WindowsStandalone target not found
Native extension for WebGL target not found
Refreshing native plugins compatible for Editor in 0.48 ms, found 0 plugins.
Preloading 0 native plugins for Editor in 0.00 ms.
Mono: successfully reloaded assembly
- Completed reload, in  1.760 seconds
Platform modules already initialized, skipping
Refreshing native plugins compatible for Editor in 0.89 ms, found 0 plugins.
Preloading 0 native plugins for Editor in 0.00 ms.
Unloading 1214 Unused Serialized files (Serialized files now loaded: 0)
System memory in use before: 59.8 MB.
System memory in use after: 59.9 MB.

Unloading 17 unused Assets to reduce memory usage. Loaded Objects now: 1656.
Total: 2.848400 ms (FindLiveObjects: 0.215900 ms CreateObjectMapping: 0.092100 ms MarkObjects: 2.510200 ms  DeleteObjects: 0.028400 ms)

========================================================================
Received Import Request.
  Time since last request: 60.630525 seconds.
  path: Assets/Scripts/SwipeEvent.cs
  artifactKey: Guid(d60173e222ca8c44b9a602ee9cccd1bc) Importer(815301076,1909f56bfc062723c751e8b465ee728b)
Start importing Assets/Scripts/SwipeEvent.cs using Guid(d60173e222ca8c44b9a602ee9cccd1bc) Importer(815301076,1909f56bfc062723c751e8b465ee728b)  -> (artifact id: '30e4c702a2ce7d6934a4618a592ffbae') in 0.029589 seconds
  Import took 0.212938 seconds .

========================================================================
Received Prepare
Registering precompiled user dll's ...
Registered in 0.001453 seconds.
Begin MonoManager ReloadAssembly
Native extension for WindowsStandalone target not found
Native extension for WebGL target not found
Refreshing native plugins compatible for Editor in 0.60 ms, found 0 plugins.
Preloading 0 native plugins for Editor in 0.00 ms.
Mono: successfully reloaded assembly
- Completed reload, in  1.498 seconds
Platform modules already initialized, skipping
Refreshing native plugins compatible for Editor in 0.52 ms, found 0 plugins.
Preloading 0 native plugins for Editor in 0.00 ms.
Unloading 1214 Unused Serialized files (Serialized files now loaded: 0)
System memory in use before: 59.8 MB.
System memory in use after: 59.9 MB.

Unloading 17 unused Assets to reduce memory usage. Loaded Objects now: 1659.
Total: 3.002000 ms (FindLiveObjects: 0.249100 ms CreateObjectMapping: 0.065900 ms MarkObjects: 2.648600 ms  DeleteObjects: 0.036600 ms)

========================================================================
Received Import Request.
  Time since last request: 1810.708225 seconds.
  path: Assets/Scripts/SwipeEvent.cs
  artifactKey: Guid(d60173e222ca8c44b9a602ee9cccd1bc) Importer(815301076,1909f56bfc062723c751e8b465ee728b)
Start importing Assets/Scripts/SwipeEvent.cs using Guid(d60173e222ca8c44b9a602ee9cccd1bc) Importer(815301076,1909f56bfc062723c751e8b465ee728b)  -> (artifact id: '16f1a99ba4d845a1eb406b94957a79ed') in 0.035250 seconds
  Import took 0.062027 seconds .

========================================================================
Received Import Request.
  Time since last request: 9.594266 seconds.
  path: Assets/Scripts/NewBehaviourScript.cs
  artifactKey: Guid(151d9c641bb1a31488e645573b6dbbc0) Importer(815301076,1909f56bfc062723c751e8b465ee728b)
Start importing Assets/Scripts/NewBehaviourScript.cs using Guid(151d9c641bb1a31488e645573b6dbbc0) Importer(815301076,1909f56bfc062723c751e8b465ee728b)  -> (artifact id: 'd304b1d1421189707ef1432879665534') in 0.025477 seconds
  Import took 0.062582 seconds .

========================================================================
Received Prepare
Registering precompiled user dll's ...
Registered in 0.001485 seconds.
Begin MonoManager ReloadAssembly
Native extension for WindowsStandalone target not found
Native extension for WebGL target not found
Refreshing native plugins compatible for Editor in 0.64 ms, found 0 plugins.
Preloading 0 native plugins for Editor in 0.00 ms.
Mono: successfully reloaded assembly
- Completed reload, in  1.558 seconds
Platform modules already initialized, skipping
Refreshing native plugins compatible for Editor in 0.81 ms, found 0 plugins.
Preloading 0 native plugins for Editor in 0.00 ms.
Unloading 1215 Unused Serialized files (Serialized files now loaded: 0)
System memory in use before: 59.9 MB.
System memory in use after: 60.0 MB.

Unloading 17 unused Assets to reduce memory usage. Loaded Objects now: 1663.
Total: 2.570800 ms (FindLiveObjects: 0.190500 ms CreateObjectMapping: 0.060300 ms MarkObjects: 2.290700 ms  DeleteObjects: 0.027600 ms)

========================================================================
Received Import Request.
  Time since last request: 22.434238 seconds.
  path: Assets/Scripts/Movement.cs
  artifactKey: Guid(151d9c641bb1a31488e645573b6dbbc0) Importer(815301076,1909f56bfc062723c751e8b465ee728b)
Start importing Assets/Scripts/Movement.cs using Guid(151d9c641bb1a31488e645573b6dbbc0) Importer(815301076,1909f56bfc062723c751e8b465ee728b)  -> (artifact id: '2645330dce591945ce51208cefc064f7') in 0.077489 seconds
  Import took 0.254484 seconds .

========================================================================
Received Prepare
Registering precompiled user dll's ...
Registered in 0.001363 seconds.
Begin MonoManager ReloadAssembly
Native extension for WindowsStandalone target not found
Native extension for WebGL target not found
Refreshing native plugins compatible for Editor in 0.50 ms, found 0 plugins.
Preloading 0 native plugins for Editor in 0.00 ms.
Mono: successfully reloaded assembly
- Completed reload, in  1.711 seconds
Platform modules already initialized, skipping
Refreshing native plugins compatible for Editor in 0.80 ms, found 0 plugins.
Preloading 0 native plugins for Editor in 0.00 ms.
Unloading 1215 Unused Serialized files (Serialized files now loaded: 0)
System memory in use before: 59.9 MB.
System memory in use after: 60.0 MB.

Unloading 17 unused Assets to reduce memory usage. Loaded Objects now: 1666.
Total: 3.693300 ms (FindLiveObjects: 0.220500 ms CreateObjectMapping: 0.106900 ms MarkObjects: 3.325900 ms  DeleteObjects: 0.037500 ms)

========================================================================
Received Import Request.
  Time since last request: 773.996276 seconds.
  path: Assets/Scripts/Movement.cs
  artifactKey: Guid(151d9c641bb1a31488e645573b6dbbc0) Importer(815301076,1909f56bfc062723c751e8b465ee728b)
Start importing Assets/Scripts/Movement.cs using Guid(151d9c641bb1a31488e645573b6dbbc0) Importer(815301076,1909f56bfc062723c751e8b465ee728b)  -> (artifact id: 'd18dc4a7f7a5cf85c2329f3a6b34749e') in 0.020231 seconds
  Import took 0.113214 seconds .

========================================================================
Received Import Request.
  Time since last request: 0.036587 seconds.
  path: Assets/Scripts/Movement.cs
  artifactKey: Guid(151d9c641bb1a31488e645573b6dbbc0) Importer(815301076,1909f56bfc062723c751e8b465ee728b)
Start importing Assets/Scripts/Movement.cs using Guid(151d9c641bb1a31488e645573b6dbbc0) Importer(815301076,1909f56bfc062723c751e8b465ee728b)  -> (artifact id: 'd18dc4a7f7a5cf85c2329f3a6b34749e') in 0.013132 seconds
  Import took 0.018953 seconds .

========================================================================
Received Import Request.
  Time since last request: 88.576635 seconds.
  path: Assets/Scripts/Movement.cs
  artifactKey: Guid(151d9c641bb1a31488e645573b6dbbc0) Importer(815301076,1909f56bfc062723c751e8b465ee728b)
Start importing Assets/Scripts/Movement.cs using Guid(151d9c641bb1a31488e645573b6dbbc0) Importer(815301076,1909f56bfc062723c751e8b465ee728b)  -> (artifact id: '38b3417eff7902ab7920913316fada12') in 0.024377 seconds
  Import took 0.243791 seconds .

========================================================================
Received Import Request.
  Time since last request: 40.204901 seconds.
  path: Assets/Scripts/SwipeDetection.cs
  artifactKey: Guid(d60173e222ca8c44b9a602ee9cccd1bc) Importer(815301076,1909f56bfc062723c751e8b465ee728b)
Start importing Assets/Scripts/SwipeDetection.cs using Guid(d60173e222ca8c44b9a602ee9cccd1bc) Importer(815301076,1909f56bfc062723c751e8b465ee728b)  -> (artifact id: 'bef9197b2da32a27a0e0292958615912') in 0.161938 seconds
  Import took 0.185001 seconds .

========================================================================
Received Import Request.
  Time since last request: 43.993045 seconds.
  path: Assets/Scripts/SwipeDetection.cs
  artifactKey: Guid(d60173e222ca8c44b9a602ee9cccd1bc) Importer(815301076,1909f56bfc062723c751e8b465ee728b)
Start importing Assets/Scripts/SwipeDetection.cs using Guid(d60173e222ca8c44b9a602ee9cccd1bc) Importer(815301076,1909f56bfc062723c751e8b465ee728b)  -> (artifact id: '22142cf576bac5af72f7d9e33a62d3d2') in 0.024335 seconds
  Import took 0.272208 seconds .

========================================================================
Received Prepare
Registering precompiled user dll's ...
Registered in 0.001341 seconds.
Begin MonoManager ReloadAssembly
Native extension for WindowsStandalone target not found
Native extension for WebGL target not found
Refreshing native plugins compatible for Editor in 1.93 ms, found 0 plugins.
Preloading 0 native plugins for Editor in 0.00 ms.
Mono: successfully reloaded assembly
- Completed reload, in  1.803 seconds
Platform modules already initialized, skipping
Refreshing native plugins compatible for Editor in 0.62 ms, found 0 plugins.
Preloading 0 native plugins for Editor in 0.00 ms.
Unloading 1215 Unused Serialized files (Serialized files now loaded: 0)
System memory in use before: 59.9 MB.
System memory in use after: 60.0 MB.

Unloading 17 unused Assets to reduce memory usage. Loaded Objects now: 1669.
Total: 68.422300 ms (FindLiveObjects: 0.192100 ms CreateObjectMapping: 0.059900 ms MarkObjects: 68.129600 ms  DeleteObjects: 0.038400 ms)

========================================================================
Received Import Request.
  Time since last request: 726.633245 seconds.
  path: Assets/Scripts/Movement.cs
  artifactKey: Guid(151d9c641bb1a31488e645573b6dbbc0) Importer(815301076,1909f56bfc062723c751e8b465ee728b)
Start importing Assets/Scripts/Movement.cs using Guid(151d9c641bb1a31488e645573b6dbbc0) Importer(815301076,1909f56bfc062723c751e8b465ee728b)  -> (artifact id: '44d6dcf824b58dd4ebfb7230d88a9ae1') in 0.190843 seconds
  Import took 0.227179 seconds .

========================================================================
Received Prepare
Registering precompiled user dll's ...
Registered in 0.001282 seconds.
Begin MonoManager ReloadAssembly
Native extension for WindowsStandalone target not found
Native extension for WebGL target not found
Refreshing native plugins compatible for Editor in 0.61 ms, found 0 plugins.
Preloading 0 native plugins for Editor in 0.00 ms.
Mono: successfully reloaded assembly
- Completed reload, in  1.801 seconds
Platform modules already initialized, skipping
Refreshing native plugins compatible for Editor in 0.97 ms, found 0 plugins.
Preloading 0 native plugins for Editor in 0.00 ms.
Unloading 1215 Unused Serialized files (Serialized files now loaded: 0)
System memory in use before: 59.9 MB.
System memory in use after: 60.0 MB.

Unloading 17 unused Assets to reduce memory usage. Loaded Objects now: 1672.
Total: 2.859800 ms (FindLiveObjects: 0.210700 ms CreateObjectMapping: 0.096100 ms MarkObjects: 2.516100 ms  DeleteObjects: 0.034600 ms)

========================================================================
Received Import Request.
  Time since last request: 32.317758 seconds.
  path: Assets/Scripts/Movement.cs
  artifactKey: Guid(151d9c641bb1a31488e645573b6dbbc0) Importer(815301076,1909f56bfc062723c751e8b465ee728b)
Start importing Assets/Scripts/Movement.cs using Guid(151d9c641bb1a31488e645573b6dbbc0) Importer(815301076,1909f56bfc062723c751e8b465ee728b)  -> (artifact id: 'ded67206a113210bb42ab5733fd8e834') in 0.008611 seconds
  Import took 0.085528 seconds .

========================================================================
Received Prepare
Registering precompiled user dll's ...
Registered in 0.001463 seconds.
Begin MonoManager ReloadAssembly
Native extension for WindowsStandalone target not found
Native extension for WebGL target not found
Refreshing native plugins compatible for Editor in 1.02 ms, found 0 plugins.
Preloading 0 native plugins for Editor in 0.00 ms.
Mono: successfully reloaded assembly
- Completed reload, in  1.601 seconds
Platform modules already initialized, skipping
Refreshing native plugins compatible for Editor in 0.93 ms, found 0 plugins.
Preloading 0 native plugins for Editor in 0.00 ms.
Unloading 1215 Unused Serialized files (Serialized files now loaded: 0)
System memory in use before: 59.9 MB.
System memory in use after: 60.0 MB.

Unloading 17 unused Assets to reduce memory usage. Loaded Objects now: 1675.
Total: 3.013700 ms (FindLiveObjects: 0.189300 ms CreateObjectMapping: 0.060200 ms MarkObjects: 2.732100 ms  DeleteObjects: 0.030200 ms)

========================================================================
Received Prepare
Registering precompiled user dll's ...
Registered in 0.001339 seconds.
Begin MonoManager ReloadAssembly
Native extension for WindowsStandalone target not found
Native extension for WebGL target not found
Refreshing native plugins compatible for Editor in 0.52 ms, found 0 plugins.
Preloading 0 native plugins for Editor in 0.00 ms.
Mono: successfully reloaded assembly
- Completed reload, in  1.649 seconds
Platform modules already initialized, skipping
Refreshing native plugins compatible for Editor in 0.91 ms, found 0 plugins.
Preloading 0 native plugins for Editor in 0.00 ms.
Unloading 1215 Unused Serialized files (Serialized files now loaded: 0)
System memory in use before: 59.9 MB.
System memory in use after: 60.0 MB.

Unloading 17 unused Assets to reduce memory usage. Loaded Objects now: 1678.
Total: 2.757600 ms (FindLiveObjects: 0.195100 ms CreateObjectMapping: 0.060500 ms MarkObjects: 2.471400 ms  DeleteObjects: 0.028600 ms)

========================================================================
Received Import Request.
  Time since last request: 908.675203 seconds.
  path: Assets/Scripts/SwipeTest.cs
  artifactKey: Guid(f11c291f5dbea4e4f94145aeb95b736e) Importer(815301076,1909f56bfc062723c751e8b465ee728b)
Start importing Assets/Scripts/SwipeTest.cs using Guid(f11c291f5dbea4e4f94145aeb95b736e) Importer(815301076,1909f56bfc062723c751e8b465ee728b)  -> (artifact id: '5bd7c3bd681a416f3b7bf804c0fa7ba3') in 0.120335 seconds
  Import took 0.124013 seconds .

========================================================================
Received Prepare
Registering precompiled user dll's ...
Registered in 0.001913 seconds.
Begin MonoManager ReloadAssembly
Native extension for WindowsStandalone target not found
Native extension for WebGL target not found
Refreshing native plugins compatible for Editor in 0.58 ms, found 0 plugins.
Preloading 0 native plugins for Editor in 0.00 ms.
Mono: successfully reloaded assembly
- Completed reload, in  1.904 seconds
Platform modules already initialized, skipping
Refreshing native plugins compatible for Editor in 0.86 ms, found 0 plugins.
Preloading 0 native plugins for Editor in 0.00 ms.
Unloading 1216 Unused Serialized files (Serialized files now loaded: 0)
System memory in use before: 59.9 MB.
System memory in use after: 60.0 MB.

Unloading 17 unused Assets to reduce memory usage. Loaded Objects now: 1682.
Total: 4.994400 ms (FindLiveObjects: 0.704000 ms CreateObjectMapping: 0.257900 ms MarkObjects: 3.996400 ms  DeleteObjects: 0.033200 ms)

========================================================================
Received Prepare
Registering precompiled user dll's ...
Registered in 0.002119 seconds.
Begin MonoManager ReloadAssembly
Native extension for WindowsStandalone target not found
Native extension for WebGL target not found
Refreshing native plugins compatible for Editor in 0.50 ms, found 0 plugins.
Preloading 0 native plugins for Editor in 0.00 ms.
Mono: successfully reloaded assembly
- Completed reload, in  1.730 seconds
Platform modules already initialized, skipping
Refreshing native plugins compatible for Editor in 0.93 ms, found 0 plugins.
Preloading 0 native plugins for Editor in 0.00 ms.
Unloading 1216 Unused Serialized files (Serialized files now loaded: 0)
System memory in use before: 59.9 MB.
System memory in use after: 60.0 MB.

Unloading 17 unused Assets to reduce memory usage. Loaded Objects now: 1685.
Total: 2.749400 ms (FindLiveObjects: 0.219000 ms CreateObjectMapping: 0.091000 ms MarkObjects: 2.404400 ms  DeleteObjects: 0.032700 ms)

========================================================================
Received Import Request.
  Time since last request: 406.818028 seconds.
  path: Assets/Scripts/SwipeTest.cs
  artifactKey: Guid(f11c291f5dbea4e4f94145aeb95b736e) Importer(815301076,1909f56bfc062723c751e8b465ee728b)
Start importing Assets/Scripts/SwipeTest.cs using Guid(f11c291f5dbea4e4f94145aeb95b736e) Importer(815301076,1909f56bfc062723c751e8b465ee728b)  -> (artifact id: 'd74a36e55392989a3518a7f6ae5fcc15') in 0.008238 seconds
  Import took 0.036210 seconds .

========================================================================
Received Prepare
Registering precompiled user dll's ...
Registered in 0.003244 seconds.
Begin MonoManager ReloadAssembly
Native extension for WindowsStandalone target not found
Native extension for WebGL target not found
Refreshing native plugins compatible for Editor in 0.54 ms, found 0 plugins.
Preloading 0 native plugins for Editor in 0.00 ms.
Mono: successfully reloaded assembly
- Completed reload, in  1.678 seconds
Platform modules already initialized, skipping
Refreshing native plugins compatible for Editor in 0.86 ms, found 0 plugins.
Preloading 0 native plugins for Editor in 0.00 ms.
Unloading 1216 Unused Serialized files (Serialized files now loaded: 0)
System memory in use before: 59.9 MB.
System memory in use after: 60.0 MB.

Unloading 17 unused Assets to reduce memory usage. Loaded Objects now: 1688.
Total: 2.419100 ms (FindLiveObjects: 0.176300 ms CreateObjectMapping: 0.058700 ms MarkObjects: 2.153200 ms  DeleteObjects: 0.029200 ms)

========================================================================
Received Import Request.
  Time since last request: 103.435771 seconds.
  path: Assets/Scripts/SwipeTest.cs
  artifactKey: Guid(f11c291f5dbea4e4f94145aeb95b736e) Importer(815301076,1909f56bfc062723c751e8b465ee728b)
Start importing Assets/Scripts/SwipeTest.cs using Guid(f11c291f5dbea4e4f94145aeb95b736e) Importer(815301076,1909f56bfc062723c751e8b465ee728b)  -> (artifact id: 'c60a843fbdc3b359454e5582c1833fab') in 0.008757 seconds
  Import took 0.067453 seconds .

========================================================================
Received Prepare
Registering precompiled user dll's ...
Registered in 0.001345 seconds.
Begin MonoManager ReloadAssembly
Native extension for WindowsStandalone target not found
Native extension for WebGL target not found
Refreshing native plugins compatible for Editor in 0.52 ms, found 0 plugins.
Preloading 0 native plugins for Editor in 0.00 ms.
Mono: successfully reloaded assembly
- Completed reload, in  1.574 seconds
Platform modules already initialized, skipping
Refreshing native plugins compatible for Editor in 0.67 ms, found 0 plugins.
Preloading 0 native plugins for Editor in 0.00 ms.
Unloading 1216 Unused Serialized files (Serialized files now loaded: 0)
System memory in use before: 59.9 MB.
System memory in use after: 60.0 MB.

Unloading 17 unused Assets to reduce memory usage. Loaded Objects now: 1691.
Total: 2.677300 ms (FindLiveObjects: 0.179800 ms CreateObjectMapping: 0.058800 ms MarkObjects: 2.404000 ms  DeleteObjects: 0.032300 ms)

========================================================================
Received Prepare
Registering precompiled user dll's ...
Registered in 0.004011 seconds.
Begin MonoManager ReloadAssembly
Native extension for WindowsStandalone target not found
Native extension for WebGL target not found
Refreshing native plugins compatible for Editor in 2.34 ms, found 0 plugins.
Preloading 0 native plugins for Editor in 0.00 ms.
Mono: successfully reloaded assembly
- Completed reload, in  4.832 seconds
Platform modules already initialized, skipping
Refreshing native plugins compatible for Editor in 2.19 ms, found 0 plugins.
Preloading 0 native plugins for Editor in 0.00 ms.
Unloading 1216 Unused Serialized files (Serialized files now loaded: 0)
System memory in use before: 60.0 MB.
System memory in use after: 60.1 MB.

Unloading 17 unused Assets to reduce memory usage. Loaded Objects now: 1694.
Total: 17.369300 ms (FindLiveObjects: 4.386500 ms CreateObjectMapping: 0.620100 ms MarkObjects: 12.127500 ms  DeleteObjects: 0.219800 ms)

========================================================================
Received Prepare
Registering precompiled user dll's ...
Registered in 0.001523 seconds.
Begin MonoManager ReloadAssembly
Native extension for WindowsStandalone target not found
Native extension for WebGL target not found
Refreshing native plugins compatible for Editor in 0.59 ms, found 0 plugins.
Preloading 0 native plugins for Editor in 0.00 ms.
Mono: successfully reloaded assembly
- Completed reload, in  2.219 seconds
Platform modules already initialized, skipping
Refreshing native plugins compatible for Editor in 0.95 ms, found 0 plugins.
Preloading 0 native plugins for Editor in 0.00 ms.
Unloading 1216 Unused Serialized files (Serialized files now loaded: 0)
System memory in use before: 60.0 MB.
System memory in use after: 60.1 MB.

Unloading 17 unused Assets to reduce memory usage. Loaded Objects now: 1697.
Total: 2.948300 ms (FindLiveObjects: 0.235800 ms CreateObjectMapping: 0.100900 ms MarkObjects: 2.564800 ms  DeleteObjects: 0.044000 ms)

========================================================================
Received Prepare
Registering precompiled user dll's ...
Registered in 0.001613 seconds.
Begin MonoManager ReloadAssembly
Native extension for WindowsStandalone target not found
Native extension for WebGL target not found
Refreshing native plugins compatible for Editor in 0.51 ms, found 0 plugins.
Preloading 0 native plugins for Editor in 0.00 ms.
Mono: successfully reloaded assembly
- Completed reload, in  1.649 seconds
Platform modules already initialized, skipping
Refreshing native plugins compatible for Editor in 0.86 ms, found 0 plugins.
Preloading 0 native plugins for Editor in 0.00 ms.
Unloading 1214 Unused Serialized files (Serialized files now loaded: 0)
System memory in use before: 60.0 MB.
System memory in use after: 60.1 MB.

Unloading 19 unused Assets to reduce memory usage. Loaded Objects now: 1698.
Total: 2.723200 ms (FindLiveObjects: 0.313600 ms CreateObjectMapping: 0.099800 ms MarkObjects: 2.274100 ms  DeleteObjects: 0.031200 ms)

AssetImportWorkerClient::OnTransportError - code=2 error=End of file
