Using pre-set license
Built from '2020.3/staging' branch; Version is '2020.3.8f1 (507919d4fff5) revision 5273881'; Using compiler version '192528614'; Build Type 'Release'
OS: 'Windows 10 Home Single Language; OS build 19042.1052; Version 2009; 64bit' Language: 'ru' Physical Memory: 6018 MB
BatchMode: 1, IsHumanControllingUs: 0, StartBugReporterOnCrash: 0, Is64bit: 1, IsPro: 0

 COMMAND LINE ARGUMENTS:
C:\Program Files\Unity\Hub\Editor\2020.3.8f1\Editor\Unity.exe
-adb2
-batchMode
-noUpm
-name
AssetImportWorker0
-projectPath
C:/Users/ayrin/source/repos/IrinaZagaynova/GD/Gaps3D
-logFile
Logs/AssetImportWorker0.log
-srvPort
49978
Successfully changed project path to: C:/Users/ayrin/source/repos/IrinaZagaynova/GD/Gaps3D
C:/Users/ayrin/source/repos/IrinaZagaynova/GD/Gaps3D
Using Asset Import Pipeline V2.
Refreshing native plugins compatible for Editor in 54.42 ms, found 0 plugins.
Preloading 0 native plugins for Editor in 0.00 ms.
Initialize engine version: 2020.3.8f1 (507919d4fff5)
[Subsystems] Discovering subsystems at path C:/Program Files/Unity/Hub/Editor/2020.3.8f1/Editor/Data/Resources/UnitySubsystems
[Subsystems] Discovering subsystems at path C:/Users/ayrin/source/repos/IrinaZagaynova/GD/Gaps3D/Assets
GfxDevice: creating device client; threaded=0
Direct3D:
    Version:  Direct3D 11.0 [level 11.1]
    Renderer: AMD Radeon(TM) 530 (ID=0x6900)
    Vendor:   
    VRAM:     2039 MB
    Driver:   22.19.128.0
Initialize mono
Mono path[0] = 'C:/Program Files/Unity/Hub/Editor/2020.3.8f1/Editor/Data/Managed'
Mono path[1] = 'C:/Program Files/Unity/Hub/Editor/2020.3.8f1/Editor/Data/MonoBleedingEdge/lib/mono/unityjit'
Mono config path = 'C:/Program Files/Unity/Hub/Editor/2020.3.8f1/Editor/Data/MonoBleedingEdge/etc'
Using monoOptions --debugger-agent=transport=dt_socket,embedding=1,server=y,suspend=n,address=127.0.0.1:56380
Begin MonoManager ReloadAssembly
Registering precompiled unity dll's ...
Register platform support module: C:/Program Files/Unity/Hub/Editor/2020.3.8f1/Editor/Data/PlaybackEngines/WindowsStandaloneSupport/UnityEditor.WindowsStandalone.Extensions.dll
Registered in 0.002491 seconds.
Native extension for WindowsStandalone target not found
Refreshing native plugins compatible for Editor in 46.53 ms, found 0 plugins.
Preloading 0 native plugins for Editor in 0.00 ms.
Mono: successfully reloaded assembly
- Completed reload, in  2.598 seconds
Platform modules already initialized, skipping
Registering precompiled user dll's ...
Registered in 0.001051 seconds.
Begin MonoManager ReloadAssembly
Native extension for WindowsStandalone target not found
Refreshing native plugins compatible for Editor in 0.53 ms, found 0 plugins.
Preloading 0 native plugins for Editor in 0.00 ms.
Mono: successfully reloaded assembly
- Completed reload, in  1.192 seconds
Platform modules already initialized, skipping
========================================================================
Worker process is ready to serve import requests
Launched and connected shader compiler UnityShaderCompiler.exe after 0.18 seconds
Refreshing native plugins compatible for Editor in 0.68 ms, found 0 plugins.
Preloading 0 native plugins for Editor in 0.00 ms.
Unloading 1721 Unused Serialized files (Serialized files now loaded: 0)
System memory in use before: 84.7 MB.
System memory in use after: 84.8 MB.

Unloading 82 unused Assets to reduce memory usage. Loaded Objects now: 2161.
Total: 2.677100 ms (FindLiveObjects: 0.225300 ms CreateObjectMapping: 0.077000 ms MarkObjects: 2.133600 ms  DeleteObjects: 0.240100 ms)

========================================================================
Received Import Request.
  path: Assets/Scripts/Lvl-1-4
  artifactKey: Guid(f194e640737c175459b05f4f0641b2f1) Importer(815301076,1909f56bfc062723c751e8b465ee728b)
Start importing Assets/Scripts/Lvl-1-4 using Guid(f194e640737c175459b05f4f0641b2f1) Importer(815301076,1909f56bfc062723c751e8b465ee728b)  -> (artifact id: '1367e45ae36ff6ac9ebec1c09adde487') in 0.041102 seconds
  Import took 0.116386 seconds .

========================================================================
Received Import Request.
  Time since last request: 10.900042 seconds.
  path: Assets/Scripts/Lvl-1-4/DragGap14.cs
  artifactKey: Guid(b60042b9fce3c5b4b9b09b6e32b3d7ff) Importer(815301076,1909f56bfc062723c751e8b465ee728b)
Start importing Assets/Scripts/Lvl-1-4/DragGap14.cs using Guid(b60042b9fce3c5b4b9b09b6e32b3d7ff) Importer(815301076,1909f56bfc062723c751e8b465ee728b)  -> (artifact id: 'badb4d68bb523364263a5aa7141ab849') in 0.341300 seconds
  Import took 0.346905 seconds .

========================================================================
Received Prepare
Registering precompiled user dll's ...
Registered in 0.001021 seconds.
Begin MonoManager ReloadAssembly
Native extension for WindowsStandalone target not found
Refreshing native plugins compatible for Editor in 0.49 ms, found 0 plugins.
Preloading 0 native plugins for Editor in 0.00 ms.
Warning: Annotation not found!

Mono: successfully reloaded assembly
- Completed reload, in  1.965 seconds
Platform modules already initialized, skipping
Refreshing native plugins compatible for Editor in 1.09 ms, found 0 plugins.
Preloading 0 native plugins for Editor in 0.00 ms.
Unloading 1671 Unused Serialized files (Serialized files now loaded: 0)
System memory in use before: 80.6 MB.
System memory in use after: 80.7 MB.

Unloading 18 unused Assets to reduce memory usage. Loaded Objects now: 2165.
Total: 2.914600 ms (FindLiveObjects: 0.315300 ms CreateObjectMapping: 0.117300 ms MarkObjects: 2.352600 ms  DeleteObjects: 0.128100 ms)

========================================================================
Received Prepare
Registering precompiled user dll's ...
Registered in 0.001518 seconds.
Begin MonoManager ReloadAssembly
Native extension for WindowsStandalone target not found
Refreshing native plugins compatible for Editor in 0.50 ms, found 0 plugins.
Preloading 0 native plugins for Editor in 0.00 ms.
Warning: Annotation not found!

Mono: successfully reloaded assembly
- Completed reload, in  1.227 seconds
Platform modules already initialized, skipping
Refreshing native plugins compatible for Editor in 0.70 ms, found 0 plugins.
Preloading 0 native plugins for Editor in 0.00 ms.
Unloading 1671 Unused Serialized files (Serialized files now loaded: 0)
System memory in use before: 80.7 MB.
System memory in use after: 80.7 MB.

Unloading 18 unused Assets to reduce memory usage. Loaded Objects now: 2168.
Total: 9.705200 ms (FindLiveObjects: 0.841500 ms CreateObjectMapping: 0.785600 ms MarkObjects: 7.858700 ms  DeleteObjects: 0.217000 ms)

========================================================================
Received Import Request.
  Time since last request: 31.960689 seconds.
  path: Assets/Scripts/Lvl-1-4/DragGap14.cs
  artifactKey: Guid(b60042b9fce3c5b4b9b09b6e32b3d7ff) Importer(815301076,1909f56bfc062723c751e8b465ee728b)
Start importing Assets/Scripts/Lvl-1-4/DragGap14.cs using Guid(b60042b9fce3c5b4b9b09b6e32b3d7ff) Importer(815301076,1909f56bfc062723c751e8b465ee728b)  -> (artifact id: '6c18535e82273d7960d32b72358e7b9c') in 0.019732 seconds
  Import took 0.163853 seconds .

========================================================================
Received Prepare
Registering precompiled user dll's ...
Registered in 0.001221 seconds.
Begin MonoManager ReloadAssembly
Native extension for WindowsStandalone target not found
Refreshing native plugins compatible for Editor in 0.53 ms, found 0 plugins.
Preloading 0 native plugins for Editor in 0.00 ms.
Warning: Annotation not found!

Mono: successfully reloaded assembly
- Completed reload, in  1.062 seconds
Platform modules already initialized, skipping
Refreshing native plugins compatible for Editor in 0.60 ms, found 0 plugins.
Preloading 0 native plugins for Editor in 0.00 ms.
Unloading 1671 Unused Serialized files (Serialized files now loaded: 0)
System memory in use before: 80.7 MB.
System memory in use after: 80.7 MB.

Unloading 18 unused Assets to reduce memory usage. Loaded Objects now: 2171.
Total: 2.836800 ms (FindLiveObjects: 0.197500 ms CreateObjectMapping: 0.067800 ms MarkObjects: 2.439100 ms  DeleteObjects: 0.130800 ms)

========================================================================
Received Prepare
Registering precompiled user dll's ...
Registered in 0.001185 seconds.
Begin MonoManager ReloadAssembly
Native extension for WindowsStandalone target not found
Refreshing native plugins compatible for Editor in 0.49 ms, found 0 plugins.
Preloading 0 native plugins for Editor in 0.00 ms.
Warning: Annotation not found!

Mono: successfully reloaded assembly
- Completed reload, in  1.275 seconds
Platform modules already initialized, skipping
Refreshing native plugins compatible for Editor in 0.53 ms, found 0 plugins.
Preloading 0 native plugins for Editor in 0.00 ms.
Unloading 1671 Unused Serialized files (Serialized files now loaded: 0)
System memory in use before: 80.7 MB.
System memory in use after: 80.7 MB.

Unloading 18 unused Assets to reduce memory usage. Loaded Objects now: 2174.
Total: 2.732900 ms (FindLiveObjects: 0.203600 ms CreateObjectMapping: 0.061800 ms MarkObjects: 2.335200 ms  DeleteObjects: 0.131000 ms)

========================================================================
Received Import Request.
  Time since last request: 278.009536 seconds.
  path: Assets/Scripts/Lvl-1-3/DragGap13.cs
  artifactKey: Guid(a0e19731f40b99f4eb1e250e6c917141) Importer(815301076,1909f56bfc062723c751e8b465ee728b)
Start importing Assets/Scripts/Lvl-1-3/DragGap13.cs using Guid(a0e19731f40b99f4eb1e250e6c917141) Importer(815301076,1909f56bfc062723c751e8b465ee728b)  -> (artifact id: 'afa9284ef27c56efcf30528ce78894e2') in 0.012497 seconds
  Import took 0.055276 seconds .

========================================================================
Received Prepare
Registering precompiled user dll's ...
Registered in 0.001068 seconds.
Begin MonoManager ReloadAssembly
Native extension for WindowsStandalone target not found
Refreshing native plugins compatible for Editor in 0.49 ms, found 0 plugins.
Preloading 0 native plugins for Editor in 0.00 ms.
Warning: Annotation not found!

Mono: successfully reloaded assembly
- Completed reload, in  1.220 seconds
Platform modules already initialized, skipping
Refreshing native plugins compatible for Editor in 0.51 ms, found 0 plugins.
Preloading 0 native plugins for Editor in 0.00 ms.
Unloading 1671 Unused Serialized files (Serialized files now loaded: 0)
System memory in use before: 80.7 MB.
System memory in use after: 80.8 MB.

Unloading 18 unused Assets to reduce memory usage. Loaded Objects now: 2177.
Total: 2.864800 ms (FindLiveObjects: 0.213100 ms CreateObjectMapping: 0.080400 ms MarkObjects: 2.441200 ms  DeleteObjects: 0.128700 ms)

========================================================================
Received Import Request.
  Time since last request: 18.963942 seconds.
  path: Assets/Scripts/Lvl-1-4/DragGap14.cs
  artifactKey: Guid(b60042b9fce3c5b4b9b09b6e32b3d7ff) Importer(815301076,1909f56bfc062723c751e8b465ee728b)
Start importing Assets/Scripts/Lvl-1-4/DragGap14.cs using Guid(b60042b9fce3c5b4b9b09b6e32b3d7ff) Importer(815301076,1909f56bfc062723c751e8b465ee728b)  -> (artifact id: '1962a9eff2fadfda2a27ee7e3ee61059') in 0.009546 seconds
  Import took 0.130699 seconds .

========================================================================
Received Prepare
Registering precompiled user dll's ...
Registered in 0.001055 seconds.
Begin MonoManager ReloadAssembly
Native extension for WindowsStandalone target not found
Refreshing native plugins compatible for Editor in 0.53 ms, found 0 plugins.
Preloading 0 native plugins for Editor in 0.00 ms.
Warning: Annotation not found!

Mono: successfully reloaded assembly
- Completed reload, in  1.147 seconds
Platform modules already initialized, skipping
Refreshing native plugins compatible for Editor in 0.53 ms, found 0 plugins.
Preloading 0 native plugins for Editor in 0.00 ms.
Unloading 1671 Unused Serialized files (Serialized files now loaded: 0)
System memory in use before: 80.7 MB.
System memory in use after: 80.8 MB.

Unloading 18 unused Assets to reduce memory usage. Loaded Objects now: 2180.
Total: 2.555800 ms (FindLiveObjects: 0.185600 ms CreateObjectMapping: 0.065700 ms MarkObjects: 2.179800 ms  DeleteObjects: 0.123300 ms)

========================================================================
Received Import Request.
  Time since last request: 23.944802 seconds.
  path: Assets/Scripts/Lvl-2-1/DragGap21.cs
  artifactKey: Guid(dc0db957feed16d4aa42190d01bdd84e) Importer(815301076,1909f56bfc062723c751e8b465ee728b)
Start importing Assets/Scripts/Lvl-2-1/DragGap21.cs using Guid(dc0db957feed16d4aa42190d01bdd84e) Importer(815301076,1909f56bfc062723c751e8b465ee728b)  -> (artifact id: '10a68408e3beeef3520933d94d1b566e') in 0.025821 seconds
  Import took 0.050786 seconds .

========================================================================
Received Import Request.
  Time since last request: 1376.831269 seconds.
  path: Assets/Scenes/Lvl-1-4.unity
  artifactKey: Guid(7539bfd2c5b14bc4b831a26dcc90a17a) Importer(815301076,1909f56bfc062723c751e8b465ee728b)
Start importing Assets/Scenes/Lvl-1-4.unity using Guid(7539bfd2c5b14bc4b831a26dcc90a17a) Importer(815301076,1909f56bfc062723c751e8b465ee728b)  -> (artifact id: '5509a35563e63ba4476a39ad9dd8e340') in 0.129175 seconds
  Import took 0.161248 seconds .

========================================================================
Received Import Request.
  Time since last request: 4.448510 seconds.
  path: Assets/Scenes/Lvl-2-1.unity
  artifactKey: Guid(f4462e94dbedfa348981d9788748205d) Importer(815301076,1909f56bfc062723c751e8b465ee728b)
Start importing Assets/Scenes/Lvl-2-1.unity using Guid(f4462e94dbedfa348981d9788748205d) Importer(815301076,1909f56bfc062723c751e8b465ee728b)  -> (artifact id: '9f5fd2402daeca76fd696fd76dabc5ee') in 0.010941 seconds
  Import took 0.037216 seconds .

========================================================================
Received Import Request.
  Time since last request: 431.969850 seconds.
  path: Assets/Scenes/Lvl-2-1.unity
  artifactKey: Guid(f4462e94dbedfa348981d9788748205d) Importer(815301076,1909f56bfc062723c751e8b465ee728b)
Start importing Assets/Scenes/Lvl-2-1.unity using Guid(f4462e94dbedfa348981d9788748205d) Importer(815301076,1909f56bfc062723c751e8b465ee728b)  -> (artifact id: '173cdd90b27c044e9058b2a221783271') in 0.007200 seconds
  Import took 0.186058 seconds .

========================================================================
Received Prepare
Refreshing native plugins compatible for Editor in 6.99 ms, found 0 plugins.
Preloading 0 native plugins for Editor in 0.00 ms.
Unloading 16 Unused Serialized files (Serialized files now loaded: 0)
System memory in use before: 48.1 MB.
System memory in use after: 48.1 MB.

Unloading 16 unused Assets to reduce memory usage. Loaded Objects now: 2180.
Total: 3.339800 ms (FindLiveObjects: 0.194800 ms CreateObjectMapping: 0.059500 ms MarkObjects: 2.952400 ms  DeleteObjects: 0.132100 ms)

========================================================================
Received Prepare
Registering precompiled user dll's ...
Registered in 0.001521 seconds.
Begin MonoManager ReloadAssembly
Native extension for WindowsStandalone target not found
Refreshing native plugins compatible for Editor in 0.87 ms, found 0 plugins.
Preloading 0 native plugins for Editor in 0.00 ms.
Warning: Annotation not found!

Mono: successfully reloaded assembly
- Completed reload, in  3.570 seconds
Platform modules already initialized, skipping
Switching build target platform(5) subTarget(0) extendedPlatform(0) -> platform(13) subTarget(537395200) extendedPlatform(0)
Refreshing native plugins compatible for Editor in 0.83 ms, found 0 plugins.
Preloading 0 native plugins for Editor in 0.00 ms.
Unloading 1675 Unused Serialized files (Serialized files now loaded: 0)
System memory in use before: 79.9 MB.
System memory in use after: 79.9 MB.

Unloading 18 unused Assets to reduce memory usage. Loaded Objects now: 2183.
Total: 6.234700 ms (FindLiveObjects: 0.774300 ms CreateObjectMapping: 0.205500 ms MarkObjects: 5.144500 ms  DeleteObjects: 0.107000 ms)

AssetImportParameters requested are different than current active one (requested -> active):
  custom:graphics/normal-map-encoding: 01000000000000000000000000000000 -> 02000000000000000000000000000000
========================================================================
Received Prepare
Refreshing native plugins compatible for Editor in 6.36 ms, found 0 plugins.
Preloading 0 native plugins for Editor in 0.00 ms.
Unloading 16 Unused Serialized files (Serialized files now loaded: 0)
System memory in use before: 47.7 MB.
System memory in use after: 47.8 MB.

Unloading 16 unused Assets to reduce memory usage. Loaded Objects now: 2183.
Total: 3.165400 ms (FindLiveObjects: 0.221500 ms CreateObjectMapping: 0.074300 ms MarkObjects: 2.722300 ms  DeleteObjects: 0.145900 ms)

========================================================================
Received Prepare
Refreshing native plugins compatible for Editor in 6.97 ms, found 0 plugins.
Preloading 0 native plugins for Editor in 0.00 ms.
Unloading 16 Unused Serialized files (Serialized files now loaded: 0)
System memory in use before: 47.7 MB.
System memory in use after: 47.8 MB.

Unloading 16 unused Assets to reduce memory usage. Loaded Objects now: 2183.
Total: 16.890300 ms (FindLiveObjects: 0.263800 ms CreateObjectMapping: 0.074300 ms MarkObjects: 16.306800 ms  DeleteObjects: 0.243000 ms)

========================================================================
Received Prepare
Registering precompiled user dll's ...
Registered in 0.002224 seconds.
Begin MonoManager ReloadAssembly
Native extension for WindowsStandalone target not found
Refreshing native plugins compatible for Editor in 0.52 ms, found 0 plugins.
Preloading 0 native plugins for Editor in 0.00 ms.
Warning: Annotation not found!

Mono: successfully reloaded assembly
- Completed reload, in  2.462 seconds
Platform modules already initialized, skipping
Refreshing native plugins compatible for Editor in 1.65 ms, found 0 plugins.
Preloading 0 native plugins for Editor in 0.00 ms.
Unloading 1671 Unused Serialized files (Serialized files now loaded: 0)
System memory in use before: 80.8 MB.
System memory in use after: 80.9 MB.

Unloading 18 unused Assets to reduce memory usage. Loaded Objects now: 2186.
Total: 3.142900 ms (FindLiveObjects: 0.247000 ms CreateObjectMapping: 0.080900 ms MarkObjects: 2.646900 ms  DeleteObjects: 0.165900 ms)

========================================================================
Received Prepare
Refreshing native plugins compatible for Editor in 5.62 ms, found 0 plugins.
Preloading 0 native plugins for Editor in 0.00 ms.
Unloading 16 Unused Serialized files (Serialized files now loaded: 0)
System memory in use before: 48.1 MB.
System memory in use after: 48.1 MB.

Unloading 16 unused Assets to reduce memory usage. Loaded Objects now: 2186.
Total: 2.725200 ms (FindLiveObjects: 0.256800 ms CreateObjectMapping: 0.110800 ms MarkObjects: 2.237100 ms  DeleteObjects: 0.119500 ms)

AssetImportWorkerClient::OnTransportError - code=2 error=End of file
