Using pre-set license
Built from '2020.3/staging' branch; Version is '2020.3.8f1 (507919d4fff5) revision 5273881'; Using compiler version '192528614'; Build Type 'Release'
OS: 'Windows 10 Home Single Language; OS build 18363.1500; Version 1909; 64bit' Language: 'ru' Physical Memory: 6056 MB
BatchMode: 1, IsHumanControllingUs: 0, StartBugReporterOnCrash: 0, Is64bit: 1, IsPro: 0

 COMMAND LINE ARGUMENTS:
C:\Program Files\Unity\Hub\Editor\2020.3.8f1\Editor\Unity.exe
-adb2
-batchMode
-noUpm
-name
AssetImportWorker7
-projectPath
C:/Users/Руслан/Documents/Unity/GD-main/Gaps3D
-logFile
Logs/AssetImportWorker7.log
-srvPort
57979
Successfully changed project path to: C:/Users/Руслан/Documents/Unity/GD-main/Gaps3D
C:/Users/Руслан/Documents/Unity/GD-main/Gaps3D
Using Asset Import Pipeline V2.
Refreshing native plugins compatible for Editor in 185.73 ms, found 0 plugins.
Preloading 0 native plugins for Editor in 0.00 ms.
Initialize engine version: 2020.3.8f1 (507919d4fff5)
[Subsystems] Discovering subsystems at path C:/Program Files/Unity/Hub/Editor/2020.3.8f1/Editor/Data/Resources/UnitySubsystems
[Subsystems] Discovering subsystems at path C:/Users/Руслан/Documents/Unity/GD-main/Gaps3D/Assets
GfxDevice: creating device client; threaded=0
Direct3D:
    Version:  Direct3D 11.0 [level 11.1]
    Renderer: Intel(R) HD Graphics 5500 (ID=0x1616)
    Vendor:   
    VRAM:     3028 MB
    Driver:   20.19.15.5063
Initialize mono
Mono path[0] = 'C:/Program Files/Unity/Hub/Editor/2020.3.8f1/Editor/Data/Managed'
Mono path[1] = 'C:/Program Files/Unity/Hub/Editor/2020.3.8f1/Editor/Data/MonoBleedingEdge/lib/mono/unityjit'
Mono config path = 'C:/Program Files/Unity/Hub/Editor/2020.3.8f1/Editor/Data/MonoBleedingEdge/etc'
Using monoOptions --debugger-agent=transport=dt_socket,embedding=1,server=y,suspend=n,address=127.0.0.1:56024
Begin MonoManager ReloadAssembly
Registering precompiled unity dll's ...
Register platform support module: C:/Program Files/Unity/Hub/Editor/2020.3.8f1/Editor/Data/PlaybackEngines/WebGLSupport/UnityEditor.WebGL.Extensions.dll
Register platform support module: C:/Program Files/Unity/Hub/Editor/2020.3.8f1/Editor/Data/PlaybackEngines/WindowsStandaloneSupport/UnityEditor.WindowsStandalone.Extensions.dll
Registered in 0.008738 seconds.
Native extension for WindowsStandalone target not found
Native extension for WebGL target not found
Refreshing native plugins compatible for Editor in 96.24 ms, found 0 plugins.
Preloading 0 native plugins for Editor in 0.00 ms.
Mono: successfully reloaded assembly
- Completed reload, in  6.246 seconds
Platform modules already initialized, skipping
Registering precompiled user dll's ...
Registered in 0.001949 seconds.
Begin MonoManager ReloadAssembly
Native extension for WindowsStandalone target not found
Native extension for WebGL target not found
Refreshing native plugins compatible for Editor in 0.49 ms, found 0 plugins.
Preloading 0 native plugins for Editor in 0.00 ms.
Mono: successfully reloaded assembly
- Completed reload, in  1.702 seconds
Platform modules already initialized, skipping
========================================================================
Worker process is ready to serve import requests
Launched and connected shader compiler UnityShaderCompiler.exe after 0.45 seconds
Refreshing native plugins compatible for Editor in 0.64 ms, found 0 plugins.
Preloading 0 native plugins for Editor in 0.00 ms.
Unloading 1216 Unused Serialized files (Serialized files now loaded: 0)
System memory in use before: 59.9 MB.
System memory in use after: 59.9 MB.

Unloading 22 unused Assets to reduce memory usage. Loaded Objects now: 1646.
Total: 2.646300 ms (FindLiveObjects: 0.238300 ms CreateObjectMapping: 0.069800 ms MarkObjects: 2.226700 ms  DeleteObjects: 0.109000 ms)

========================================================================
Received Import Request.
  path: Assets/Scripts/Swipe.cs
  artifactKey: Guid(c693af4ed67dc294b85c29141df677bb) Importer(815301076,1909f56bfc062723c751e8b465ee728b)
Start importing Assets/Scripts/Swipe.cs using Guid(c693af4ed67dc294b85c29141df677bb) Importer(815301076,1909f56bfc062723c751e8b465ee728b)  -> (artifact id: 'a5a5ab8cd9ea50f892ebadff6a3a4b2e') in 0.168002 seconds
  Import took 0.173793 seconds .

========================================================================
Received Import Request.
  Time since last request: 2744.813852 seconds.
  path: Assets/Scripts/Swipe.cs
  artifactKey: Guid(c693af4ed67dc294b85c29141df677bb) Importer(815301076,1909f56bfc062723c751e8b465ee728b)
Start importing Assets/Scripts/Swipe.cs using Guid(c693af4ed67dc294b85c29141df677bb) Importer(815301076,1909f56bfc062723c751e8b465ee728b)  -> (artifact id: '206768086885c73d73e15deb413085aa') in 0.010582 seconds
  Import took 0.073106 seconds .

========================================================================
Received Import Request.
  Time since last request: 16.772845 seconds.
  path: Assets/Scripts/Swipe.cs
  artifactKey: Guid(c693af4ed67dc294b85c29141df677bb) Importer(815301076,1909f56bfc062723c751e8b465ee728b)
Start importing Assets/Scripts/Swipe.cs using Guid(c693af4ed67dc294b85c29141df677bb) Importer(815301076,1909f56bfc062723c751e8b465ee728b)  -> (artifact id: '206768086885c73d73e15deb413085aa') in 0.028203 seconds
  Import took 0.039619 seconds .

