Using pre-set license
Built from '2020.3/staging' branch; Version is '2020.3.8f1 (507919d4fff5) revision 5273881'; Using compiler version '192528614'; Build Type 'Release'
OS: 'Windows 10 Home Single Language; OS build 19042.985; Version 2009; 64bit' Language: 'ru' Physical Memory: 6018 MB
BatchMode: 1, IsHumanControllingUs: 0, StartBugReporterOnCrash: 0, Is64bit: 1, IsPro: 0

 COMMAND LINE ARGUMENTS:
C:\Program Files\Unity\Hub\Editor\2020.3.8f1\Editor\Unity.exe
-adb2
-batchMode
-noUpm
-name
AssetImportWorker8
-projectPath
C:/Users/ayrin/source/repos/IrinaZagaynova/GD/Gaps3D
-logFile
Logs/AssetImportWorker8.log
-srvPort
60152
Successfully changed project path to: C:/Users/ayrin/source/repos/IrinaZagaynova/GD/Gaps3D
C:/Users/ayrin/source/repos/IrinaZagaynova/GD/Gaps3D
Using Asset Import Pipeline V2.
Refreshing native plugins compatible for Editor in 67.55 ms, found 0 plugins.
Preloading 0 native plugins for Editor in 0.00 ms.
Initialize engine version: 2020.3.8f1 (507919d4fff5)
[Subsystems] Discovering subsystems at path C:/Program Files/Unity/Hub/Editor/2020.3.8f1/Editor/Data/Resources/UnitySubsystems
[Subsystems] Discovering subsystems at path C:/Users/ayrin/source/repos/IrinaZagaynova/GD/Gaps3D/Assets
GfxDevice: creating device client; threaded=0
Direct3D:
    Version:  Direct3D 11.0 [level 11.1]
    Renderer: AMD Radeon(TM) 530 (ID=0x6900)
    Vendor:   
    VRAM:     2039 MB
    Driver:   22.19.128.0
Initialize mono
Mono path[0] = 'C:/Program Files/Unity/Hub/Editor/2020.3.8f1/Editor/Data/Managed'
Mono path[1] = 'C:/Program Files/Unity/Hub/Editor/2020.3.8f1/Editor/Data/MonoBleedingEdge/lib/mono/unityjit'
Mono config path = 'C:/Program Files/Unity/Hub/Editor/2020.3.8f1/Editor/Data/MonoBleedingEdge/etc'
Using monoOptions --debugger-agent=transport=dt_socket,embedding=1,server=y,suspend=n,address=127.0.0.1:56688
Begin MonoManager ReloadAssembly
Registering precompiled unity dll's ...
Register platform support module: C:/Program Files/Unity/Hub/Editor/2020.3.8f1/Editor/Data/PlaybackEngines/WindowsStandaloneSupport/UnityEditor.WindowsStandalone.Extensions.dll
Registered in 0.005307 seconds.
Native extension for WindowsStandalone target not found
Refreshing native plugins compatible for Editor in 41.74 ms, found 0 plugins.
Preloading 0 native plugins for Editor in 0.00 ms.
Mono: successfully reloaded assembly
- Completed reload, in  5.502 seconds
Platform modules already initialized, skipping
Registering precompiled user dll's ...
Registered in 0.001094 seconds.
Begin MonoManager ReloadAssembly
Native extension for WindowsStandalone target not found
Refreshing native plugins compatible for Editor in 0.51 ms, found 0 plugins.
Preloading 0 native plugins for Editor in 0.00 ms.
Mono: successfully reloaded assembly
- Completed reload, in  3.735 seconds
Platform modules already initialized, skipping
========================================================================
Worker process is ready to serve import requests
Launched and connected shader compiler UnityShaderCompiler.exe after 0.62 seconds
Refreshing native plugins compatible for Editor in 0.94 ms, found 0 plugins.
Preloading 0 native plugins for Editor in 0.00 ms.
Unloading 1215 Unused Serialized files (Serialized files now loaded: 0)
System memory in use before: 61.8 MB.
System memory in use after: 61.8 MB.

Unloading 22 unused Assets to reduce memory usage. Loaded Objects now: 1660.
Total: 2.116100 ms (FindLiveObjects: 0.249300 ms CreateObjectMapping: 0.052400 ms MarkObjects: 1.719300 ms  DeleteObjects: 0.093200 ms)

========================================================================
Received Import Request.
  path: Assets/Blue.mat
  artifactKey: Guid(98e3c870c5e5b6444a3065ec45302719) Importer(815301076,1909f56bfc062723c751e8b465ee728b)
Start importing Assets/Blue.mat using Guid(98e3c870c5e5b6444a3065ec45302719) Importer(815301076,1909f56bfc062723c751e8b465ee728b)  -> (artifact id: '3a73b06c467f7fd9c171ea9c2a870986') in 3.362690 seconds
  Import took 3.608493 seconds .

========================================================================
Received Import Request.
  Time since last request: 2094.222302 seconds.
  path: Assets/transparent.mat
  artifactKey: Guid(c2b064a75568899489255c6cec4ac586) Importer(815301076,1909f56bfc062723c751e8b465ee728b)
Start importing Assets/transparent.mat using Guid(c2b064a75568899489255c6cec4ac586) Importer(815301076,1909f56bfc062723c751e8b465ee728b)  -> (artifact id: '57a8ac8135e0d8d7abc9e862cd08fadd') in 0.401023 seconds
  Import took 0.449353 seconds .

========================================================================
Received Prepare
Registering precompiled user dll's ...
Registered in 0.002566 seconds.
Begin MonoManager ReloadAssembly
Native extension for WindowsStandalone target not found
Refreshing native plugins compatible for Editor in 34.89 ms, found 0 plugins.
Preloading 0 native plugins for Editor in 0.00 ms.
Mono: successfully reloaded assembly
- Completed reload, in 20.136 seconds
Platform modules already initialized, skipping
Script is not up to date after domain reload: guid(294b57f24de5f454abadee5457082365) path("Assets/Scripts/Move.cs") state(2)
Refreshing native plugins compatible for Editor in 0.58 ms, found 0 plugins.
Preloading 0 native plugins for Editor in 0.00 ms.
Unloading 1208 Unused Serialized files (Serialized files now loaded: 0)
System memory in use before: 64.9 MB.
System memory in use after: 65.0 MB.

Unloading 18 unused Assets to reduce memory usage. Loaded Objects now: 1702.
Total: 269.560000 ms (FindLiveObjects: 0.528400 ms CreateObjectMapping: 0.215000 ms MarkObjects: 268.765200 ms  DeleteObjects: 0.046500 ms)

========================================================================
Received Prepare
Registering precompiled user dll's ...
Registered in 0.001331 seconds.
Begin MonoManager ReloadAssembly
Native extension for WindowsStandalone target not found
Refreshing native plugins compatible for Editor in 0.67 ms, found 0 plugins.
Preloading 0 native plugins for Editor in 0.00 ms.
Mono: successfully reloaded assembly
- Completed reload, in  2.032 seconds
Platform modules already initialized, skipping
Refreshing native plugins compatible for Editor in 0.79 ms, found 0 plugins.
Preloading 0 native plugins for Editor in 0.00 ms.
Unloading 1209 Unused Serialized files (Serialized files now loaded: 0)
System memory in use before: 65.0 MB.
System memory in use after: 65.1 MB.

Unloading 17 unused Assets to reduce memory usage. Loaded Objects now: 1706.
Total: 4.741400 ms (FindLiveObjects: 0.382300 ms CreateObjectMapping: 0.119200 ms MarkObjects: 4.190500 ms  DeleteObjects: 0.046700 ms)

========================================================================
Received Import Request.
  Time since last request: 1259.637972 seconds.
  path: Assets/Scripts/Move.cs
  artifactKey: Guid(294b57f24de5f454abadee5457082365) Importer(815301076,1909f56bfc062723c751e8b465ee728b)
Start importing Assets/Scripts/Move.cs using Guid(294b57f24de5f454abadee5457082365) Importer(815301076,1909f56bfc062723c751e8b465ee728b)  -> (artifact id: '98d2411b01fde63ac3f032667cc3d9e6') in 2.401827 seconds
  Import took 2.487777 seconds .

========================================================================
Received Prepare
Registering precompiled user dll's ...
Registered in 0.005999 seconds.
Begin MonoManager ReloadAssembly
Native extension for WindowsStandalone target not found
Refreshing native plugins compatible for Editor in 2.78 ms, found 0 plugins.
Preloading 0 native plugins for Editor in 0.00 ms.
Mono: successfully reloaded assembly
- Completed reload, in  3.907 seconds
Platform modules already initialized, skipping
Refreshing native plugins compatible for Editor in 2.73 ms, found 0 plugins.
Preloading 0 native plugins for Editor in 0.00 ms.
Unloading 1209 Unused Serialized files (Serialized files now loaded: 0)
System memory in use before: 65.0 MB.
System memory in use after: 65.1 MB.

Unloading 17 unused Assets to reduce memory usage. Loaded Objects now: 1709.
Total: 260.599400 ms (FindLiveObjects: 97.034300 ms CreateObjectMapping: 0.220000 ms MarkObjects: 143.111300 ms  DeleteObjects: 20.230900 ms)

========================================================================
Received Import Request.
  Time since last request: 2492.815216 seconds.
  path: Assets/Scripts/Move.cs
  artifactKey: Guid(294b57f24de5f454abadee5457082365) Importer(815301076,1909f56bfc062723c751e8b465ee728b)
Start importing Assets/Scripts/Move.cs using Guid(294b57f24de5f454abadee5457082365) Importer(815301076,1909f56bfc062723c751e8b465ee728b)  -> (artifact id: 'e8cefa9fb2a402909938a6e7f568acf3') in 0.049896 seconds
  Import took 0.123081 seconds .

========================================================================
Received Prepare
Registering precompiled user dll's ...
Registered in 0.001071 seconds.
Begin MonoManager ReloadAssembly
Native extension for WindowsStandalone target not found
Refreshing native plugins compatible for Editor in 2.07 ms, found 0 plugins.
Preloading 0 native plugins for Editor in 0.00 ms.
Mono: successfully reloaded assembly
- Completed reload, in  3.658 seconds
Platform modules already initialized, skipping
Refreshing native plugins compatible for Editor in 0.46 ms, found 0 plugins.
Preloading 0 native plugins for Editor in 0.00 ms.
Unloading 1209 Unused Serialized files (Serialized files now loaded: 0)
System memory in use before: 65.1 MB.
System memory in use after: 65.2 MB.

Unloading 17 unused Assets to reduce memory usage. Loaded Objects now: 1712.
Total: 3.424700 ms (FindLiveObjects: 0.211800 ms CreateObjectMapping: 0.059100 ms MarkObjects: 3.108000 ms  DeleteObjects: 0.043500 ms)

========================================================================
Received Import Request.
  Time since last request: 140.605365 seconds.
  path: Assets/Scripts/Move.cs
  artifactKey: Guid(294b57f24de5f454abadee5457082365) Importer(815301076,1909f56bfc062723c751e8b465ee728b)
Start importing Assets/Scripts/Move.cs using Guid(294b57f24de5f454abadee5457082365) Importer(815301076,1909f56bfc062723c751e8b465ee728b)  -> (artifact id: '0dffaa2c822966d2b9359a16d69412be') in 0.045516 seconds
  Import took 0.105753 seconds .

========================================================================
Received Prepare
Registering precompiled user dll's ...
Registered in 0.000975 seconds.
Begin MonoManager ReloadAssembly
Native extension for WindowsStandalone target not found
Refreshing native plugins compatible for Editor in 0.60 ms, found 0 plugins.
Preloading 0 native plugins for Editor in 0.00 ms.
Mono: successfully reloaded assembly
- Completed reload, in  1.556 seconds
Platform modules already initialized, skipping
Refreshing native plugins compatible for Editor in 0.71 ms, found 0 plugins.
Preloading 0 native plugins for Editor in 0.00 ms.
Unloading 1209 Unused Serialized files (Serialized files now loaded: 0)
System memory in use before: 65.1 MB.
System memory in use after: 65.2 MB.

Unloading 17 unused Assets to reduce memory usage. Loaded Objects now: 1715.
Total: 2.345200 ms (FindLiveObjects: 0.194800 ms CreateObjectMapping: 0.066600 ms MarkObjects: 2.056500 ms  DeleteObjects: 0.026000 ms)

========================================================================
Received Prepare
Refreshing native plugins compatible for Editor in 964.41 ms, found 0 plugins.
Preloading 0 native plugins for Editor in 0.00 ms.
Unloading 15 Unused Serialized files (Serialized files now loaded: 0)
System memory in use before: 41.4 MB.
System memory in use after: 41.5 MB.

Unloading 15 unused Assets to reduce memory usage. Loaded Objects now: 1715.
Total: 472.752100 ms (FindLiveObjects: 0.426800 ms CreateObjectMapping: 0.166200 ms MarkObjects: 472.051900 ms  DeleteObjects: 0.104200 ms)

========================================================================
Received Prepare
Registering precompiled user dll's ...
Registered in 0.007814 seconds.
Begin MonoManager ReloadAssembly
Native extension for WindowsStandalone target not found
Refreshing native plugins compatible for Editor in 0.59 ms, found 0 plugins.
Preloading 0 native plugins for Editor in 0.00 ms.
Mono: successfully reloaded assembly
- Completed reload, in  7.731 seconds
Platform modules already initialized, skipping
Refreshing native plugins compatible for Editor in 1.01 ms, found 0 plugins.
Preloading 0 native plugins for Editor in 0.00 ms.
Unloading 1209 Unused Serialized files (Serialized files now loaded: 0)
System memory in use before: 65.2 MB.
System memory in use after: 65.3 MB.

Unloading 17 unused Assets to reduce memory usage. Loaded Objects now: 1718.
Total: 5.754500 ms (FindLiveObjects: 0.683900 ms CreateObjectMapping: 0.234500 ms MarkObjects: 4.744900 ms  DeleteObjects: 0.087800 ms)

========================================================================
Received Prepare
Refreshing native plugins compatible for Editor in 19.50 ms, found 0 plugins.
Preloading 0 native plugins for Editor in 0.00 ms.
Unloading 15 Unused Serialized files (Serialized files now loaded: 0)
System memory in use before: 41.5 MB.
System memory in use after: 41.6 MB.

Unloading 15 unused Assets to reduce memory usage. Loaded Objects now: 1718.
Total: 3.114500 ms (FindLiveObjects: 0.365300 ms CreateObjectMapping: 0.131700 ms MarkObjects: 2.590700 ms  DeleteObjects: 0.025300 ms)

